<?xml version="1.0" encoding="UTF-8"?>
<testng-results ignored="1" total="12" passed="8" failed="2" skipped="1">
  <reporter-output>
    <line>
      <![CDATA[Key = 0, Value = 1]]>
    </line>
    <line>
      <![CDATA[Key = 1, Value = TestBaidu]]>
    </line>
    <line>
      <![CDATA[Key = 2, Value = get]]>
    </line>
    <line>
      <![CDATA[Key = 3, Value = https://www.baidu.com/sugrec?prod=pc_his&from=pc_web&json=1&sid=36838_36542_36757_36726_36413_36955_36946_36165_36917_36570_36807_36738_36923_26350_36864&hisdata=%5B%7B%22time%22%3A1659578071%2C%22kw%22%3A%22notepad%2B%2B%E6%98%AF%E4%BB%80%E4%B9%88%E8%BD%AF%E4%BB%B6%22%7D%2C%7B%22time%22%3A1659578074%2C%22kw%22%3A%22notepad%2B%2B%22%7D%2C%7B%22time%22%3A1659578089%2C%22kw%22%3A%22notepad%2B%2B%E4%B8%8B%E8%BD%BD%22%7D%2C%7B%22time%22%3A1659578907%2C%22kw%22%3A%22eclipse%22%7D%2C%7B%22time%22%3A1659579451%2C%22kw%22%3A%22maven%E5%BC%95%E5%85%A5okhttp3%22%7D%2C%7B%22time%22%3A1659580009%2C%22kw%22%3A%22maven%E6%B7%BB%E5%8A%A0okhttp%22%7D%2C%7B%22time%22%3A1659580146%2C%22kw%22%3A%22okhttp%E7%89%88%E6%9C%AC%E5%8F%B7%22%7D%2C%7B%22time%22%3A1659580753%2C%22kw%22%3A%22org.json%22%7D%2C%7B%22time%22%3A1659580762%2C%22kw%22%3A%22org.json%E7%89%88%E6%9C%AC%E5%8F%B7%22%7D%2C%7B%22time%22%3A1659581203%2C%22kw%22%3A%2295566%22%7D%5D&_t=1659581298387&req=2&sc=eb&csor=0]]>
    </line>
    <line>
      <![CDATA[Key = 4, Value = json]]>
    </line>
    <line>
      <![CDATA[校验数据 a=1]]>
    </line>
    <line>
      <![CDATA[测试URL（来自excel）=https://www.baidu.com/sugrec?prod=pc_his&from=pc_web&json=1&sid=36838_36542_36757_36726_36413_36955_36946_36165_36917_36570_36807_36738_36923_26350_36864&hisdata=%5B%7B%22time%22%3A1659578071%2C%22kw%22%3A%22notepad%2B%2B%E6%98%AF%E4%BB%80%E4%B9%88%E8%BD%AF%E4%BB%B6%22%7D%2C%7B%22time%22%3A1659578074%2C%22kw%22%3A%22notepad%2B%2B%22%7D%2C%7B%22time%22%3A1659578089%2C%22kw%22%3A%22notepad%2B%2B%E4%B8%8B%E8%BD%BD%22%7D%2C%7B%22time%22%3A1659578907%2C%22kw%22%3A%22eclipse%22%7D%2C%7B%22time%22%3A1659579451%2C%22kw%22%3A%22maven%E5%BC%95%E5%85%A5okhttp3%22%7D%2C%7B%22time%22%3A1659580009%2C%22kw%22%3A%22maven%E6%B7%BB%E5%8A%A0okhttp%22%7D%2C%7B%22time%22%3A1659580146%2C%22kw%22%3A%22okhttp%E7%89%88%E6%9C%AC%E5%8F%B7%22%7D%2C%7B%22time%22%3A1659580753%2C%22kw%22%3A%22org.json%22%7D%2C%7B%22time%22%3A1659580762%2C%22kw%22%3A%22org.json%E7%89%88%E6%9C%AC%E5%8F%B7%22%7D%2C%7B%22time%22%3A1659581203%2C%22kw%22%3A%2295566%22%7D%5D&_t=1659581298387&req=2&sc=eb&csor=0]]>
    </line>
    <line>
      <![CDATA[HttpUtils responseCodeKey=err_no, 校验 responseCodeValue=0]]>
    </line>
    <line>
      <![CDATA[HttpUtils测试 okFlag=true, ---result={"q":"","p":false,"bs":"","csor":"0","err_no":0,"errmsg":"","g":[{"type":"his_normal","sa":"h_1","q":"95566"},{"type":"his_normal","sa":"h_2","q":"org.json版本号"},{"type":"his_normal","sa":"h_3","q":"org.json"},{"type":"his_normal","sa":"h_4","q":"okhttp版本号"},{"type":"his_normal","sa":"h_5","q":"maven添加okhttp"},{"type":"his_normal","sa":"h_6","q":"maven引入okhttp3"},{"type":"his_normal","sa":"h_7","q":"eclipse"},{"type":"his_normal","sa":"h_8","q":"notepad++下载"},{"type":"his_normal","sa":"h_9","q":"notepad++"},{"type":"his_normal","sa":"h_10","q":"notepad++是什么软件"}],"queryid":"0x2273ff4a2942a40"}
]]>
    </line>
    <line>
      <![CDATA[testSendMail 测试 htmlPath=D:\Work\APITest\AutoTest\AutoAPITest\report\TestReport.html]]>
    </line>
  </reporter-output>
  <suite started-at="2022-08-12T02:51:15Z" name="Dong&#039;s测试套件" finished-at="2022-08-12T02:51:20Z" duration-ms="5139">
    <groups>
      <group name="TestFileUtil">
        <method signature="TestFileUtil.testFileUtils()[pri:0, instance:testcase.TestFileUtil@82c57b3]" name="testFileUtils" class="testcase.TestFileUtil"/>
      </group> <!-- TestFileUtil -->
      <group name="TestDemo">
        <method signature="TestDemo.checkMapNotNull()[pri:0, instance:testcase.TestDemo@1e11bc55]" name="checkMapNotNull" class="testcase.TestDemo"/>
        <method signature="TestDemo.test(int, int)[pri:0, instance:testcase.TestDemo@1e11bc55]" name="test" class="testcase.TestDemo"/>
        <method signature="TestDemo.test1()[pri:0, instance:testcase.TestDemo@1e11bc55]" name="test1" class="testcase.TestDemo"/>
        <method signature="TestDemo.testHttpGet()[pri:0, instance:testcase.TestDemo@1e11bc55]" name="testHttpGet" class="testcase.TestDemo"/>
        <method signature="TestDemo.testHttpPost()[pri:0, instance:testcase.TestDemo@1e11bc55]" name="testHttpPost" class="testcase.TestDemo"/>
        <method signature="TestDemo.testHttpPostMap()[pri:0, instance:testcase.TestDemo@1e11bc55]" name="testHttpPostMap" class="testcase.TestDemo"/>
        <method signature="TestDemo.testTimeOut()[pri:0, instance:testcase.TestDemo@1e11bc55]" name="testTimeOut" class="testcase.TestDemo"/>
      </group> <!-- TestDemo -->
    </groups>
    <test started-at="2022-08-12T02:51:15Z" name="Dong&#039;s测试模块" finished-at="2022-08-12T02:51:20Z" duration-ms="5139">
      <class name="testcase.TestEmail">
        <test-method signature="testSendMail()[pri:0, instance:testcase.TestEmail@77b7ffa4]" started-at="2022-08-12T10:51:20Z" name="testSendMail" description="测试邮件发送" finished-at="2022-08-12T10:51:20Z" duration-ms="74" status="PASS">
          <reporter-output>
            <line>
              <![CDATA[testSendMail 测试 htmlPath=D:\Work\APITest\AutoTest\AutoAPITest\report\TestReport.html]]>
            </line>
          </reporter-output>
        </test-method> <!-- testSendMail -->
      </class> <!-- testcase.TestEmail -->
      <class name="testcase.TestFileUtil">
        <test-method signature="testFileUtils()[pri:0, instance:testcase.TestFileUtil@82c57b3]" started-at="2022-08-12T10:51:20Z" name="testFileUtils" depends-on-groups="TestDemo" finished-at="2022-08-12T10:51:20Z" duration-ms="0" status="SKIP">
          <exception class="java.lang.Throwable">
            <message>
              <![CDATA[Method TestFileUtil.testFileUtils()[pri:0, instance:testcase.TestFileUtil@82c57b3] depends on not successfully finished methods in group "TestDemo"]]>
            </message>
            <full-stacktrace>
              <![CDATA[java.lang.Throwable: Method TestFileUtil.testFileUtils()[pri:0, instance:testcase.TestFileUtil@82c57b3] depends on not successfully finished methods in group "TestDemo"
	at org.testng.internal.Invoker.invokeTestMethods(Invoker.java:1068)
	at org.testng.internal.TestMethodWorker.invokeTestMethods(TestMethodWorker.java:129)
	at org.testng.internal.TestMethodWorker.run(TestMethodWorker.java:112)
	at org.testng.TestRunner.privateRun(TestRunner.java:756)
	at org.testng.TestRunner.run(TestRunner.java:610)
	at org.testng.SuiteRunner.runTest(SuiteRunner.java:387)
	at org.testng.SuiteRunner.runSequentially(SuiteRunner.java:382)
	at org.testng.SuiteRunner.privateRun(SuiteRunner.java:340)
	at org.testng.SuiteRunner.run(SuiteRunner.java:289)
	at org.testng.SuiteRunnerWorker.runSuite(SuiteRunnerWorker.java:52)
	at org.testng.SuiteRunnerWorker.run(SuiteRunnerWorker.java:86)
	at org.testng.TestNG.runSuitesSequentially(TestNG.java:1293)
	at org.testng.TestNG.runSuitesLocally(TestNG.java:1218)
	at org.testng.TestNG.runSuites(TestNG.java:1133)
	at org.testng.TestNG.run(TestNG.java:1104)
	at org.apache.maven.surefire.testng.TestNGExecutor.run(TestNGExecutor.java:283)
	at org.apache.maven.surefire.testng.TestNGXmlTestSuite.execute(TestNGXmlTestSuite.java:75)
	at org.apache.maven.surefire.testng.TestNGProvider.invoke(TestNGProvider.java:120)
	at org.apache.maven.surefire.booter.ForkedBooter.invokeProviderInSameClassLoader(ForkedBooter.java:384)
	at org.apache.maven.surefire.booter.ForkedBooter.runSuitesInProcess(ForkedBooter.java:345)
	at org.apache.maven.surefire.booter.ForkedBooter.execute(ForkedBooter.java:126)
	at org.apache.maven.surefire.booter.ForkedBooter.main(ForkedBooter.java:418)
]]>
            </full-stacktrace>
          </exception> <!-- java.lang.Throwable -->
          <reporter-output>
          </reporter-output>
        </test-method> <!-- testFileUtils -->
      </class> <!-- testcase.TestFileUtil -->
      <class name="testcase.TestDemo">
        <test-method signature="checkMapNotNull()[pri:0, instance:testcase.TestDemo@1e11bc55]" started-at="2022-08-12T10:51:15Z" name="checkMapNotNull" description="遍历检查Map不为空" finished-at="2022-08-12T10:51:16Z" duration-ms="1041" status="PASS">
          <reporter-output>
            <line>
              <![CDATA[Key = 0, Value = 1]]>
            </line>
            <line>
              <![CDATA[Key = 1, Value = TestBaidu]]>
            </line>
            <line>
              <![CDATA[Key = 2, Value = get]]>
            </line>
            <line>
              <![CDATA[Key = 3, Value = https://www.baidu.com/sugrec?prod=pc_his&from=pc_web&json=1&sid=36838_36542_36757_36726_36413_36955_36946_36165_36917_36570_36807_36738_36923_26350_36864&hisdata=%5B%7B%22time%22%3A1659578071%2C%22kw%22%3A%22notepad%2B%2B%E6%98%AF%E4%BB%80%E4%B9%88%E8%BD%AF%E4%BB%B6%22%7D%2C%7B%22time%22%3A1659578074%2C%22kw%22%3A%22notepad%2B%2B%22%7D%2C%7B%22time%22%3A1659578089%2C%22kw%22%3A%22notepad%2B%2B%E4%B8%8B%E8%BD%BD%22%7D%2C%7B%22time%22%3A1659578907%2C%22kw%22%3A%22eclipse%22%7D%2C%7B%22time%22%3A1659579451%2C%22kw%22%3A%22maven%E5%BC%95%E5%85%A5okhttp3%22%7D%2C%7B%22time%22%3A1659580009%2C%22kw%22%3A%22maven%E6%B7%BB%E5%8A%A0okhttp%22%7D%2C%7B%22time%22%3A1659580146%2C%22kw%22%3A%22okhttp%E7%89%88%E6%9C%AC%E5%8F%B7%22%7D%2C%7B%22time%22%3A1659580753%2C%22kw%22%3A%22org.json%22%7D%2C%7B%22time%22%3A1659580762%2C%22kw%22%3A%22org.json%E7%89%88%E6%9C%AC%E5%8F%B7%22%7D%2C%7B%22time%22%3A1659581203%2C%22kw%22%3A%2295566%22%7D%5D&_t=1659581298387&req=2&sc=eb&csor=0]]>
            </line>
            <line>
              <![CDATA[Key = 4, Value = json]]>
            </line>
          </reporter-output>
        </test-method> <!-- checkMapNotNull -->
        <test-method signature="test(int, int)[pri:0, instance:testcase.TestDemo@1e11bc55]" started-at="2022-08-12T10:51:16Z" name="test" data-provider="provideNumbers" finished-at="2022-08-12T10:51:16Z" duration-ms="1" status="PASS">
          <params>
            <param index="0">
              <value>
                <![CDATA[10]]>
              </value>
            </param>
            <param index="1">
              <value>
                <![CDATA[20]]>
              </value>
            </param>
          </params>
          <reporter-output>
          </reporter-output>
        </test-method> <!-- test -->
        <test-method signature="test(int, int)[pri:0, instance:testcase.TestDemo@1e11bc55]" started-at="2022-08-12T10:51:16Z" name="test" data-provider="provideNumbers" finished-at="2022-08-12T10:51:16Z" duration-ms="2" status="PASS">
          <params>
            <param index="0">
              <value>
                <![CDATA[100]]>
              </value>
            </param>
            <param index="1">
              <value>
                <![CDATA[110]]>
              </value>
            </param>
          </params>
          <reporter-output>
          </reporter-output>
        </test-method> <!-- test -->
        <test-method signature="test(int, int)[pri:0, instance:testcase.TestDemo@1e11bc55]" started-at="2022-08-12T10:51:16Z" name="test" data-provider="provideNumbers" finished-at="2022-08-12T10:51:16Z" duration-ms="3" status="PASS">
          <params>
            <param index="0">
              <value>
                <![CDATA[200]]>
              </value>
            </param>
            <param index="1">
              <value>
                <![CDATA[210]]>
              </value>
            </param>
          </params>
          <reporter-output>
          </reporter-output>
        </test-method> <!-- test -->
        <test-method signature="test1()[pri:0, instance:testcase.TestDemo@1e11bc55]" started-at="2022-08-12T10:51:16Z" name="test1" description="接口测试2" finished-at="2022-08-12T10:51:16Z" duration-ms="3" status="FAIL">
          <exception class="java.lang.AssertionError">
            <message>
              <![CDATA[expected [2] but found [1]]]>
            </message>
            <full-stacktrace>
              <![CDATA[java.lang.AssertionError: expected [2] but found [1]
	at org.testng.Assert.fail(Assert.java:94)
	at org.testng.Assert.failNotEquals(Assert.java:513)
	at org.testng.Assert.assertEqualsImpl(Assert.java:135)
	at org.testng.Assert.assertEquals(Assert.java:116)
	at org.testng.Assert.assertEquals(Assert.java:389)
	at org.testng.Assert.assertEquals(Assert.java:399)
	at testcase.TestDemo.test1(TestDemo.java:20)
	at java.base/jdk.internal.reflect.NativeMethodAccessorImpl.invoke0(Native Method)
	at java.base/jdk.internal.reflect.NativeMethodAccessorImpl.invoke(NativeMethodAccessorImpl.java:77)
	at java.base/jdk.internal.reflect.DelegatingMethodAccessorImpl.invoke(DelegatingMethodAccessorImpl.java:43)
	at java.base/java.lang.reflect.Method.invoke(Method.java:568)
	at org.testng.internal.MethodInvocationHelper.invokeMethod(MethodInvocationHelper.java:104)
	at org.testng.internal.Invoker.invokeMethod(Invoker.java:645)
	at org.testng.internal.Invoker.invokeTestMethod(Invoker.java:851)
	at org.testng.internal.Invoker.invokeTestMethods(Invoker.java:1177)
	at org.testng.internal.TestMethodWorker.invokeTestMethods(TestMethodWorker.java:129)
	at org.testng.internal.TestMethodWorker.run(TestMethodWorker.java:112)
	at org.testng.TestRunner.privateRun(TestRunner.java:756)
	at org.testng.TestRunner.run(TestRunner.java:610)
	at org.testng.SuiteRunner.runTest(SuiteRunner.java:387)
	at org.testng.SuiteRunner.runSequentially(SuiteRunner.java:382)
	at org.testng.SuiteRunner.privateRun(SuiteRunner.java:340)
	at org.testng.SuiteRunner.run(SuiteRunner.java:289)
	at org.testng.SuiteRunnerWorker.runSuite(SuiteRunnerWorker.java:52)
	at org.testng.SuiteRunnerWorker.run(SuiteRunnerWorker.java:86)
	at org.testng.TestNG.runSuitesSequentially(TestNG.java:1293)
	at org.testng.TestNG.runSuitesLocally(TestNG.java:1218)
	at org.testng.TestNG.runSuites(TestNG.java:1133)
	at org.testng.TestNG.run(TestNG.java:1104)
	at org.apache.maven.surefire.testng.TestNGExecutor.run(TestNGExecutor.java:283)
	at org.apache.maven.surefire.testng.TestNGXmlTestSuite.execute(TestNGXmlTestSuite.java:75)
	at org.apache.maven.surefire.testng.TestNGProvider.invoke(TestNGProvider.java:120)
	at org.apache.maven.surefire.booter.ForkedBooter.invokeProviderInSameClassLoader(ForkedBooter.java:384)
	at org.apache.maven.surefire.booter.ForkedBooter.runSuitesInProcess(ForkedBooter.java:345)
	at org.apache.maven.surefire.booter.ForkedBooter.execute(ForkedBooter.java:126)
	at org.apache.maven.surefire.booter.ForkedBooter.main(ForkedBooter.java:418)
]]>
            </full-stacktrace>
          </exception> <!-- java.lang.AssertionError -->
          <reporter-output>
            <line>
              <![CDATA[校验数据 a=1]]>
            </line>
          </reporter-output>
        </test-method> <!-- test1 -->
        <test-method signature="testHttpGet()[pri:0, instance:testcase.TestDemo@1e11bc55]" started-at="2022-08-12T10:51:16Z" name="testHttpGet" description="doGet 请求测试" finished-at="2022-08-12T10:51:17Z" duration-ms="698" status="PASS">
          <reporter-output>
            <line>
              <![CDATA[测试URL（来自excel）=https://www.baidu.com/sugrec?prod=pc_his&from=pc_web&json=1&sid=36838_36542_36757_36726_36413_36955_36946_36165_36917_36570_36807_36738_36923_26350_36864&hisdata=%5B%7B%22time%22%3A1659578071%2C%22kw%22%3A%22notepad%2B%2B%E6%98%AF%E4%BB%80%E4%B9%88%E8%BD%AF%E4%BB%B6%22%7D%2C%7B%22time%22%3A1659578074%2C%22kw%22%3A%22notepad%2B%2B%22%7D%2C%7B%22time%22%3A1659578089%2C%22kw%22%3A%22notepad%2B%2B%E4%B8%8B%E8%BD%BD%22%7D%2C%7B%22time%22%3A1659578907%2C%22kw%22%3A%22eclipse%22%7D%2C%7B%22time%22%3A1659579451%2C%22kw%22%3A%22maven%E5%BC%95%E5%85%A5okhttp3%22%7D%2C%7B%22time%22%3A1659580009%2C%22kw%22%3A%22maven%E6%B7%BB%E5%8A%A0okhttp%22%7D%2C%7B%22time%22%3A1659580146%2C%22kw%22%3A%22okhttp%E7%89%88%E6%9C%AC%E5%8F%B7%22%7D%2C%7B%22time%22%3A1659580753%2C%22kw%22%3A%22org.json%22%7D%2C%7B%22time%22%3A1659580762%2C%22kw%22%3A%22org.json%E7%89%88%E6%9C%AC%E5%8F%B7%22%7D%2C%7B%22time%22%3A1659581203%2C%22kw%22%3A%2295566%22%7D%5D&_t=1659581298387&req=2&sc=eb&csor=0]]>
            </line>
            <line>
              <![CDATA[HttpUtils responseCodeKey=err_no, 校验 responseCodeValue=0]]>
            </line>
            <line>
              <![CDATA[HttpUtils测试 okFlag=true, ---result={"q":"","p":false,"bs":"","csor":"0","err_no":0,"errmsg":"","g":[{"type":"his_normal","sa":"h_1","q":"95566"},{"type":"his_normal","sa":"h_2","q":"org.json版本号"},{"type":"his_normal","sa":"h_3","q":"org.json"},{"type":"his_normal","sa":"h_4","q":"okhttp版本号"},{"type":"his_normal","sa":"h_5","q":"maven添加okhttp"},{"type":"his_normal","sa":"h_6","q":"maven引入okhttp3"},{"type":"his_normal","sa":"h_7","q":"eclipse"},{"type":"his_normal","sa":"h_8","q":"notepad++下载"},{"type":"his_normal","sa":"h_9","q":"notepad++"},{"type":"his_normal","sa":"h_10","q":"notepad++是什么软件"}],"queryid":"0x2273ff4a2942a40"}
]]>
            </line>
          </reporter-output>
        </test-method> <!-- testHttpGet -->
        <test-method signature="testHttpPost()[pri:0, instance:testcase.TestDemo@1e11bc55]" started-at="2022-08-12T10:51:17Z" name="testHttpPost" description="doPost 请求测试" finished-at="2022-08-12T10:51:17Z" duration-ms="44" status="PASS">
          <reporter-output>
          </reporter-output>
        </test-method> <!-- testHttpPost -->
        <test-method signature="testHttpPostMap()[pri:0, instance:testcase.TestDemo@1e11bc55]" started-at="2022-08-12T10:51:17Z" name="testHttpPostMap" description="doPostForm 请求测试" finished-at="2022-08-12T10:51:17Z" duration-ms="5" status="PASS">
          <reporter-output>
          </reporter-output>
        </test-method> <!-- testHttpPostMap -->
        <test-method signature="testTimeOut()[pri:0, instance:testcase.TestDemo@1e11bc55]" started-at="2022-08-12T10:51:17Z" name="testTimeOut" finished-at="2022-08-12T10:51:20Z" duration-ms="3024" status="FAIL">
          <exception class="org.testng.internal.thread.ThreadTimeoutException">
            <message>
              <![CDATA[Method testcase.TestDemo.testTimeOut() didn't finish within the time-out 3000]]>
            </message>
            <full-stacktrace>
              <![CDATA[org.testng.internal.thread.ThreadTimeoutException: Method testcase.TestDemo.testTimeOut() didn't finish within the time-out 3000
	at java.base@17.0.3.1/java.util.Arrays.equals(Arrays.java:2978)
	at java.base@17.0.3.1/java.lang.invoke.MethodType.equals(MethodType.java:858)
	at java.base@17.0.3.1/java.lang.invoke.MethodType.equals(MethodType.java:850)
	at java.base@17.0.3.1/java.util.concurrent.ConcurrentHashMap.get(ConcurrentHashMap.java:940)
	at java.base@17.0.3.1/java.lang.invoke.MethodType$ConcurrentWeakInternSet.get(MethodType.java:1368)
	at java.base@17.0.3.1/java.lang.invoke.MethodType.makeImpl(MethodType.java:341)
	at java.base@17.0.3.1/java.lang.invoke.MethodTypeForm.canonicalize(MethodTypeForm.java:253)
	at java.base@17.0.3.1/java.lang.invoke.MethodTypeForm.findForm(MethodTypeForm.java:220)
	at java.base@17.0.3.1/java.lang.invoke.MethodType.makeImpl(MethodType.java:356)
	at java.base@17.0.3.1/java.lang.invoke.MethodHandleNatives.findMethodHandleType(MethodHandleNatives.java:399)
	at java.base@17.0.3.1/java.util.concurrent.FutureTask.set(FutureTask.java:229)
	at java.base@17.0.3.1/java.util.concurrent.FutureTask.run(FutureTask.java:272)
	at java.base@17.0.3.1/java.util.concurrent.ThreadPoolExecutor.runWorker(ThreadPoolExecutor.java:1136)
	at java.base@17.0.3.1/java.util.concurrent.ThreadPoolExecutor$Worker.run(ThreadPoolExecutor.java:635)
	at java.base@17.0.3.1/java.lang.Thread.run(Thread.java:833)
]]>
            </full-stacktrace>
          </exception> <!-- org.testng.internal.thread.ThreadTimeoutException -->
          <reporter-output>
          </reporter-output>
        </test-method> <!-- testTimeOut -->
      </class> <!-- testcase.TestDemo -->
    </test> <!-- Dong's测试模块 -->
  </suite> <!-- Dong's测试套件 -->
</testng-results>
