<html>
<head>
<title>TestNG:  Dong's测试模块</title>
<link href="../testng.css" rel="stylesheet" type="text/css" />
<link href="../my-testng.css" rel="stylesheet" type="text/css" />

<style type="text/css">
.log { display: none;} 
.stack-trace { display: none;} 
</style>
<script type="text/javascript">
<!--
function flip(e) {
  current = e.style.display;
  if (current == 'block') {
    e.style.display = 'none';
    return 0;
  }
  else {
    e.style.display = 'block';
    return 1;
  }
}

function toggleBox(szDivId, elem, msg1, msg2)
{
  var res = -1;  if (document.getElementById) {
    res = flip(document.getElementById(szDivId));
  }
  else if (document.all) {
    // this is the way old msie versions work
    res = flip(document.all[szDivId]);
  }
  if(elem) {
    if(res == 0) elem.innerHTML = msg1; else elem.innerHTML = msg2;
  }

}

function toggleAllBoxes() {
  if (document.getElementsByTagName) {
    d = document.getElementsByTagName('div');
    for (i = 0; i < d.length; i++) {
      if (d[i].className == 'log') {
        flip(d[i]);
      }
    }
  }
}

// -->
</script>

</head>
<body>
<h2 align='center'>Dong's测试模块</h2><table border='1' align="center">
<tr>
<td>Tests passed/Failed/Skipped:</td><td>8/2/1</td>
</tr><tr>
<td>Started on:</td><td>Fri Aug 12 10:51:15 CST 2022</td>
</tr>
<tr><td>Total time:</td><td>5 seconds (5139 ms)</td>
</tr><tr>
<td>Included groups:</td><td></td>
</tr><tr>
<td>Excluded groups:</td><td></td>
</tr>
</table><p/>
<small><i>(Hover the method name to see the test class name)</i></small><p/>
<table width='100%' border='1' class='invocation-failed'>
<tr><td colspan='4' align='center'><b>FAILED TESTS</b></td></tr>
<tr><td><b>Test method</b></td>
<td width="30%"><b>Exception</b></td>
<td width="10%"><b>Time (seconds)</b></td>
<td><b>Instance</b></td>
</tr>
<tr>
<td title='testcase.TestDemo.test1()'><b>test1</b><br>Test class: testcase.TestDemo<br>Test method: 接口测试2<br/>
<a href="#Output-1136503323" onClick='toggleBox("Output-1136503323", this, "Show output", "Hide output");'>Show output</a>

<a href="#Output-1136503323" onClick="toggleAllBoxes();">Show all outputs</a>
<div class='log' id="Output-1136503323">
校验数据 a=1<br/>
</div>
</td>
<td><div><pre>java.lang.AssertionError: expected [2] but found [1]
	at testcase.TestDemo.test1(TestDemo.java:20)
... Removed 35 stack frames</pre></div><a href='#' onClick='toggleBox("stack-trace1136503323", this, "Click to show all stack frames", "Click to hide stack frames")'>Click to show all stack frames</a>
<div class='stack-trace' id='stack-trace1136503323'><pre>java.lang.AssertionError: expected [2] but found [1]
	at org.testng.Assert.fail(Assert.java:94)
	at org.testng.Assert.failNotEquals(Assert.java:513)
	at org.testng.Assert.assertEqualsImpl(Assert.java:135)
	at org.testng.Assert.assertEquals(Assert.java:116)
	at org.testng.Assert.assertEquals(Assert.java:389)
	at org.testng.Assert.assertEquals(Assert.java:399)
	at testcase.TestDemo.test1(TestDemo.java:20)
	at java.base/jdk.internal.reflect.NativeMethodAccessorImpl.invoke0(Native Method)
	at java.base/jdk.internal.reflect.NativeMethodAccessorImpl.invoke(NativeMethodAccessorImpl.java:77)
	at java.base/jdk.internal.reflect.DelegatingMethodAccessorImpl.invoke(DelegatingMethodAccessorImpl.java:43)
	at java.base/java.lang.reflect.Method.invoke(Method.java:568)
	at org.testng.internal.MethodInvocationHelper.invokeMethod(MethodInvocationHelper.java:104)
	at org.testng.internal.Invoker.invokeMethod(Invoker.java:645)
	at org.testng.internal.Invoker.invokeTestMethod(Invoker.java:851)
	at org.testng.internal.Invoker.invokeTestMethods(Invoker.java:1177)
	at org.testng.internal.TestMethodWorker.invokeTestMethods(TestMethodWorker.java:129)
	at org.testng.internal.TestMethodWorker.run(TestMethodWorker.java:112)
	at org.testng.TestRunner.privateRun(TestRunner.java:756)
	at org.testng.TestRunner.run(TestRunner.java:610)
	at org.testng.SuiteRunner.runTest(SuiteRunner.java:387)
	at org.testng.SuiteRunner.runSequentially(SuiteRunner.java:382)
	at org.testng.SuiteRunner.privateRun(SuiteRunner.java:340)
	at org.testng.SuiteRunner.run(SuiteRunner.java:289)
	at org.testng.SuiteRunnerWorker.runSuite(SuiteRunnerWorker.java:52)
	at org.testng.SuiteRunnerWorker.run(SuiteRunnerWorker.java:86)
	at org.testng.TestNG.runSuitesSequentially(TestNG.java:1293)
	at org.testng.TestNG.runSuitesLocally(TestNG.java:1218)
	at org.testng.TestNG.runSuites(TestNG.java:1133)
	at org.testng.TestNG.run(TestNG.java:1104)
	at org.apache.maven.surefire.testng.TestNGExecutor.run(TestNGExecutor.java:283)
	at org.apache.maven.surefire.testng.TestNGXmlTestSuite.execute(TestNGXmlTestSuite.java:75)
	at org.apache.maven.surefire.testng.TestNGProvider.invoke(TestNGProvider.java:120)
	at org.apache.maven.surefire.booter.ForkedBooter.invokeProviderInSameClassLoader(ForkedBooter.java:384)
	at org.apache.maven.surefire.booter.ForkedBooter.runSuitesInProcess(ForkedBooter.java:345)
	at org.apache.maven.surefire.booter.ForkedBooter.execute(ForkedBooter.java:126)
	at org.apache.maven.surefire.booter.ForkedBooter.main(ForkedBooter.java:418)
</pre></div></td>
<td>0</td>
<td>testcase.TestDemo@1e11bc55</td></tr>
<tr>
<td title='testcase.TestDemo.testTimeOut()'><b>testTimeOut</b><br>Test class: testcase.TestDemo</td>
<td><div><pre>org.testng.internal.thread.ThreadTimeoutException: Method testcase.TestDemo.testTimeOut() didn&apos;t finish within the time-out 3000
	at java.base@17.0.3.1/java.util.Arrays.equals(Arrays.java:2978)
	at java.base@17.0.3.1/java.lang.invoke.MethodType.equals(MethodType.java:858)
	at java.base@17.0.3.1/java.lang.invoke.MethodType.equals(MethodType.java:850)
	at java.base@17.0.3.1/java.util.concurrent.ConcurrentHashMap.get(ConcurrentHashMap.java:940)
	at java.base@17.0.3.1/java.lang.invoke.MethodType$ConcurrentWeakInternSet.get(MethodType.java:1368)
	at java.base@17.0.3.1/java.lang.invoke.MethodType.makeImpl(MethodType.java:341)
	at java.base@17.0.3.1/java.lang.invoke.MethodTypeForm.canonicalize(MethodTypeForm.java:253)
	at java.base@17.0.3.1/java.lang.invoke.MethodTypeForm.findForm(MethodTypeForm.java:220)
	at java.base@17.0.3.1/java.lang.invoke.MethodType.makeImpl(MethodType.java:356)
	at java.base@17.0.3.1/java.lang.invoke.MethodHandleNatives.findMethodHandleType(MethodHandleNatives.java:399)
	at java.base@17.0.3.1/java.util.concurrent.FutureTask.set(FutureTask.java:229)
	at java.base@17.0.3.1/java.util.concurrent.FutureTask.run(FutureTask.java:272)
	at java.base@17.0.3.1/java.util.concurrent.ThreadPoolExecutor.runWorker(ThreadPoolExecutor.java:1136)
	at java.base@17.0.3.1/java.util.concurrent.ThreadPoolExecutor$Worker.run(ThreadPoolExecutor.java:635)
	at java.base@17.0.3.1/java.lang.Thread.run(Thread.java:833)
</pre></div><a href='#' onClick='toggleBox("stack-trace630537190", this, "Click to show all stack frames", "Click to hide stack frames")'>Click to show all stack frames</a>
<div class='stack-trace' id='stack-trace630537190'><pre>org.testng.internal.thread.ThreadTimeoutException: Method testcase.TestDemo.testTimeOut() didn&apos;t finish within the time-out 3000
	at java.base@17.0.3.1/java.util.Arrays.equals(Arrays.java:2978)
	at java.base@17.0.3.1/java.lang.invoke.MethodType.equals(MethodType.java:858)
	at java.base@17.0.3.1/java.lang.invoke.MethodType.equals(MethodType.java:850)
	at java.base@17.0.3.1/java.util.concurrent.ConcurrentHashMap.get(ConcurrentHashMap.java:940)
	at java.base@17.0.3.1/java.lang.invoke.MethodType$ConcurrentWeakInternSet.get(MethodType.java:1368)
	at java.base@17.0.3.1/java.lang.invoke.MethodType.makeImpl(MethodType.java:341)
	at java.base@17.0.3.1/java.lang.invoke.MethodTypeForm.canonicalize(MethodTypeForm.java:253)
	at java.base@17.0.3.1/java.lang.invoke.MethodTypeForm.findForm(MethodTypeForm.java:220)
	at java.base@17.0.3.1/java.lang.invoke.MethodType.makeImpl(MethodType.java:356)
	at java.base@17.0.3.1/java.lang.invoke.MethodHandleNatives.findMethodHandleType(MethodHandleNatives.java:399)
	at java.base@17.0.3.1/java.util.concurrent.FutureTask.set(FutureTask.java:229)
	at java.base@17.0.3.1/java.util.concurrent.FutureTask.run(FutureTask.java:272)
	at java.base@17.0.3.1/java.util.concurrent.ThreadPoolExecutor.runWorker(ThreadPoolExecutor.java:1136)
	at java.base@17.0.3.1/java.util.concurrent.ThreadPoolExecutor$Worker.run(ThreadPoolExecutor.java:635)
	at java.base@17.0.3.1/java.lang.Thread.run(Thread.java:833)
</pre></div></td>
<td>3</td>
<td>testcase.TestDemo@1e11bc55</td></tr>
</table><p>
<table width='100%' border='1' class='invocation-passed'>
<tr><td colspan='4' align='center'><b>PASSED TESTS</b></td></tr>
<tr><td><b>Test method</b></td>
<td width="30%"><b>Exception</b></td>
<td width="10%"><b>Time (seconds)</b></td>
<td><b>Instance</b></td>
</tr>
<tr>
<td title='testcase.TestDemo.checkMapNotNull()'><b>checkMapNotNull</b><br>Test class: testcase.TestDemo<br>Test method: 遍历检查Map不为空<br/>
<a href="#Output-643552582" onClick='toggleBox("Output-643552582", this, "Show output", "Hide output");'>Show output</a>

<a href="#Output-643552582" onClick="toggleAllBoxes();">Show all outputs</a>
<div class='log' id="Output-643552582">
Key = 0, Value = 1<br/>
Key = 1, Value = TestBaidu<br/>
Key = 2, Value = get<br/>
Key = 3, Value = https://www.baidu.com/sugrec?prod=pc_his&from=pc_web&json=1&sid=36838_36542_36757_36726_36413_36955_36946_36165_36917_36570_36807_36738_36923_26350_36864&hisdata=%5B%7B%22time%22%3A1659578071%2C%22kw%22%3A%22notepad%2B%2B%E6%98%AF%E4%BB%80%E4%B9%88%E8%BD%AF%E4%BB%B6%22%7D%2C%7B%22time%22%3A1659578074%2C%22kw%22%3A%22notepad%2B%2B%22%7D%2C%7B%22time%22%3A1659578089%2C%22kw%22%3A%22notepad%2B%2B%E4%B8%8B%E8%BD%BD%22%7D%2C%7B%22time%22%3A1659578907%2C%22kw%22%3A%22eclipse%22%7D%2C%7B%22time%22%3A1659579451%2C%22kw%22%3A%22maven%E5%BC%95%E5%85%A5okhttp3%22%7D%2C%7B%22time%22%3A1659580009%2C%22kw%22%3A%22maven%E6%B7%BB%E5%8A%A0okhttp%22%7D%2C%7B%22time%22%3A1659580146%2C%22kw%22%3A%22okhttp%E7%89%88%E6%9C%AC%E5%8F%B7%22%7D%2C%7B%22time%22%3A1659580753%2C%22kw%22%3A%22org.json%22%7D%2C%7B%22time%22%3A1659580762%2C%22kw%22%3A%22org.json%E7%89%88%E6%9C%AC%E5%8F%B7%22%7D%2C%7B%22time%22%3A1659581203%2C%22kw%22%3A%2295566%22%7D%5D&_t=1659581298387&req=2&sc=eb&csor=0<br/>
Key = 4, Value = json<br/>
</div>
</td>
<td></td>
<td>1</td>
<td>testcase.TestDemo@1e11bc55</td></tr>
<tr>
<td title='testcase.TestDemo.test()'><b>test</b><br>Test class: testcase.TestDemo<br>Parameters: 10, 20</td>
<td></td>
<td>0</td>
<td>testcase.TestDemo@1e11bc55</td></tr>
<tr>
<td title='testcase.TestDemo.test()'><b>test</b><br>Test class: testcase.TestDemo<br>Parameters: 100, 110</td>
<td></td>
<td>0</td>
<td>testcase.TestDemo@1e11bc55</td></tr>
<tr>
<td title='testcase.TestDemo.test()'><b>test</b><br>Test class: testcase.TestDemo<br>Parameters: 200, 210</td>
<td></td>
<td>0</td>
<td>testcase.TestDemo@1e11bc55</td></tr>
<tr>
<td title='testcase.TestDemo.testHttpGet()'><b>testHttpGet</b><br>Test class: testcase.TestDemo<br>Test method: doGet 请求测试<br/>
<a href="#Output-534350140" onClick='toggleBox("Output-534350140", this, "Show output", "Hide output");'>Show output</a>

<a href="#Output-534350140" onClick="toggleAllBoxes();">Show all outputs</a>
<div class='log' id="Output-534350140">
测试URL（来自excel）=https://www.baidu.com/sugrec?prod=pc_his&from=pc_web&json=1&sid=36838_36542_36757_36726_36413_36955_36946_36165_36917_36570_36807_36738_36923_26350_36864&hisdata=%5B%7B%22time%22%3A1659578071%2C%22kw%22%3A%22notepad%2B%2B%E6%98%AF%E4%BB%80%E4%B9%88%E8%BD%AF%E4%BB%B6%22%7D%2C%7B%22time%22%3A1659578074%2C%22kw%22%3A%22notepad%2B%2B%22%7D%2C%7B%22time%22%3A1659578089%2C%22kw%22%3A%22notepad%2B%2B%E4%B8%8B%E8%BD%BD%22%7D%2C%7B%22time%22%3A1659578907%2C%22kw%22%3A%22eclipse%22%7D%2C%7B%22time%22%3A1659579451%2C%22kw%22%3A%22maven%E5%BC%95%E5%85%A5okhttp3%22%7D%2C%7B%22time%22%3A1659580009%2C%22kw%22%3A%22maven%E6%B7%BB%E5%8A%A0okhttp%22%7D%2C%7B%22time%22%3A1659580146%2C%22kw%22%3A%22okhttp%E7%89%88%E6%9C%AC%E5%8F%B7%22%7D%2C%7B%22time%22%3A1659580753%2C%22kw%22%3A%22org.json%22%7D%2C%7B%22time%22%3A1659580762%2C%22kw%22%3A%22org.json%E7%89%88%E6%9C%AC%E5%8F%B7%22%7D%2C%7B%22time%22%3A1659581203%2C%22kw%22%3A%2295566%22%7D%5D&_t=1659581298387&req=2&sc=eb&csor=0<br/>
HttpUtils responseCodeKey=err_no, 校验 responseCodeValue=0<br/>
HttpUtils测试 okFlag=true, ---result={"q":"","p":false,"bs":"","csor":"0","err_no":0,"errmsg":"","g":[{"type":"his_normal","sa":"h_1","q":"95566"},{"type":"his_normal","sa":"h_2","q":"org.json版本号"},{"type":"his_normal","sa":"h_3","q":"org.json"},{"type":"his_normal","sa":"h_4","q":"okhttp版本号"},{"type":"his_normal","sa":"h_5","q":"maven添加okhttp"},{"type":"his_normal","sa":"h_6","q":"maven引入okhttp3"},{"type":"his_normal","sa":"h_7","q":"eclipse"},{"type":"his_normal","sa":"h_8","q":"notepad++下载"},{"type":"his_normal","sa":"h_9","q":"notepad++"},{"type":"his_normal","sa":"h_10","q":"notepad++是什么软件"}],"queryid":"0x2273ff4a2942a40"}
<br/>
</div>
</td>
<td></td>
<td>0</td>
<td>testcase.TestDemo@1e11bc55</td></tr>
<tr>
<td title='testcase.TestDemo.testHttpPost()'><b>testHttpPost</b><br>Test class: testcase.TestDemo<br>Test method: doPost 请求测试</td>
<td></td>
<td>0</td>
<td>testcase.TestDemo@1e11bc55</td></tr>
<tr>
<td title='testcase.TestDemo.testHttpPostMap()'><b>testHttpPostMap</b><br>Test class: testcase.TestDemo<br>Test method: doPostForm 请求测试</td>
<td></td>
<td>0</td>
<td>testcase.TestDemo@1e11bc55</td></tr>
<tr>
<td title='testcase.TestEmail.testSendMail()'><b>testSendMail</b><br>Test class: testcase.TestEmail<br>Test method: 测试邮件发送<br/>
<a href="#Output-205595990" onClick='toggleBox("Output-205595990", this, "Show output", "Hide output");'>Show output</a>

<a href="#Output-205595990" onClick="toggleAllBoxes();">Show all outputs</a>
<div class='log' id="Output-205595990">
testSendMail 测试 htmlPath=D:\Work\APITest\AutoTest\AutoAPITest\report\TestReport.html<br/>
</div>
</td>
<td></td>
<td>0</td>
<td>testcase.TestEmail@77b7ffa4</td></tr>
</table><p>
<table width='100%' border='1' class='invocation-skipped'>
<tr><td colspan='4' align='center'><b>SKIPPED TESTS</b></td></tr>
<tr><td><b>Test method</b></td>
<td width="30%"><b>Exception</b></td>
<td width="10%"><b>Time (seconds)</b></td>
<td><b>Instance</b></td>
</tr>
<tr>
<td title='testcase.TestFileUtil.testFileUtils()'><b>testFileUtils</b><br>Test class: testcase.TestFileUtil</td>
<td><div><pre>java.lang.Throwable: Method TestFileUtil.testFileUtils()[pri:0, instance:testcase.TestFileUtil@82c57b3] depends on not successfully finished methods in group &quot;TestDemo&quot;
... Removed 22 stack frames</pre></div><a href='#' onClick='toggleBox("stack-trace62085016", this, "Click to show all stack frames", "Click to hide stack frames")'>Click to show all stack frames</a>
<div class='stack-trace' id='stack-trace62085016'><pre>java.lang.Throwable: Method TestFileUtil.testFileUtils()[pri:0, instance:testcase.TestFileUtil@82c57b3] depends on not successfully finished methods in group &quot;TestDemo&quot;
	at org.testng.internal.Invoker.invokeTestMethods(Invoker.java:1068)
	at org.testng.internal.TestMethodWorker.invokeTestMethods(TestMethodWorker.java:129)
	at org.testng.internal.TestMethodWorker.run(TestMethodWorker.java:112)
	at org.testng.TestRunner.privateRun(TestRunner.java:756)
	at org.testng.TestRunner.run(TestRunner.java:610)
	at org.testng.SuiteRunner.runTest(SuiteRunner.java:387)
	at org.testng.SuiteRunner.runSequentially(SuiteRunner.java:382)
	at org.testng.SuiteRunner.privateRun(SuiteRunner.java:340)
	at org.testng.SuiteRunner.run(SuiteRunner.java:289)
	at org.testng.SuiteRunnerWorker.runSuite(SuiteRunnerWorker.java:52)
	at org.testng.SuiteRunnerWorker.run(SuiteRunnerWorker.java:86)
	at org.testng.TestNG.runSuitesSequentially(TestNG.java:1293)
	at org.testng.TestNG.runSuitesLocally(TestNG.java:1218)
	at org.testng.TestNG.runSuites(TestNG.java:1133)
	at org.testng.TestNG.run(TestNG.java:1104)
	at org.apache.maven.surefire.testng.TestNGExecutor.run(TestNGExecutor.java:283)
	at org.apache.maven.surefire.testng.TestNGXmlTestSuite.execute(TestNGXmlTestSuite.java:75)
	at org.apache.maven.surefire.testng.TestNGProvider.invoke(TestNGProvider.java:120)
	at org.apache.maven.surefire.booter.ForkedBooter.invokeProviderInSameClassLoader(ForkedBooter.java:384)
	at org.apache.maven.surefire.booter.ForkedBooter.runSuitesInProcess(ForkedBooter.java:345)
	at org.apache.maven.surefire.booter.ForkedBooter.execute(ForkedBooter.java:126)
	at org.apache.maven.surefire.booter.ForkedBooter.main(ForkedBooter.java:418)
</pre></div></td>
<td>0</td>
<td>null</td></tr>
</table><p>
</body>
</html>